GROUP,PACKAGE,CLASS,INSTRUCTION_MISSED,INSTRUCTION_COVERED,BRANCH_MISSED,BRANCH_COVERED,LINE_MISSED,LINE_COVERED,COMPLEXITY_MISSED,COMPLEXITY_COVERED,METHOD_MISSED,METHOD_COVERED
Better Preconditions,com.choonchernlim.betterPreconditions.exception,JodaTimeNotEqualPreconditionException,23,0,0,0,6,0,1,0,1,0
Better Preconditions,com.choonchernlim.betterPreconditions.exception,BooleanFalsePreconditionException,0,15,0,0,0,2,0,1,0,1
Better Preconditions,com.choonchernlim.betterPreconditions.exception,StringNotBlankPreconditionException,0,15,0,0,0,2,0,1,0,1
Better Preconditions,com.choonchernlim.betterPreconditions.exception,CollectionNotEmptyPreconditionException,0,17,0,0,0,2,0,1,0,1
Better Preconditions,com.choonchernlim.betterPreconditions.exception,CollectionEmptyPreconditionException,0,17,0,0,0,2,0,1,0,1
Better Preconditions,com.choonchernlim.betterPreconditions.exception,PreconditionException,0,4,0,0,0,2,0,1,0,1
Better Preconditions,com.choonchernlim.betterPreconditions.exception,JodaTimeEqualPreconditionException,23,0,0,0,6,0,1,0,1,0
Better Preconditions,com.choonchernlim.betterPreconditions.exception,ObjectNullPreconditionException,0,15,0,0,0,2,0,1,0,1
Better Preconditions,com.choonchernlim.betterPreconditions.exception,StringBlankPreconditionException,0,15,0,0,0,2,0,1,0,1
Better Preconditions,com.choonchernlim.betterPreconditions.exception,ObjectNotNullPreconditionException,0,15,0,0,0,2,0,1,0,1
Better Preconditions,com.choonchernlim.betterPreconditions.exception,BooleanTruePreconditionException,0,15,0,0,0,2,0,1,0,1
Better Preconditions,com.choonchernlim.betterPreconditions.preconditions,BetterPreconditions.new Matcher() {...},0,24,0,2,0,5,0,5,0,4
Better Preconditions,com.choonchernlim.betterPreconditions.preconditions,BooleanPreconditions.new Matcher() {...},0,29,0,0,0,5,0,4,0,4
Better Preconditions,com.choonchernlim.betterPreconditions.preconditions,IntegerPreconditions,8,0,0,0,6,0,6,0,6,0
Better Preconditions,com.choonchernlim.betterPreconditions.preconditions,StringPreconditions,0,23,0,0,0,5,0,4,0,4
Better Preconditions,com.choonchernlim.betterPreconditions.preconditions,CollectionPreconditions,0,23,0,0,0,5,0,4,0,4
Better Preconditions,com.choonchernlim.betterPreconditions.preconditions,StringPreconditions.new Matcher() {...},0,23,0,0,0,5,0,4,0,4
Better Preconditions,com.choonchernlim.betterPreconditions.preconditions,BetterPreconditions,24,70,1,3,4,17,2,6,1,5
Better Preconditions,com.choonchernlim.betterPreconditions.preconditions,BooleanPreconditions,0,23,0,0,0,5,0,4,0,4
Better Preconditions,com.choonchernlim.betterPreconditions.preconditions,CollectionPreconditions.new Matcher() {...},0,29,0,0,0,5,0,4,0,4
Better Preconditions,com.choonchernlim.betterPreconditions.preconditions,JodaTimePreconditions,35,0,0,0,7,0,5,0,5,0
Better Preconditions,com.choonchernlim.betterPreconditions.preconditions,ObjectPreconditions,0,15,0,0,0,4,0,3,0,3
Better Preconditions,com.choonchernlim.betterPreconditions.preconditions,JodaTimePreconditions.new Matcher() {...},45,0,0,0,5,0,4,0,4,0
Better Preconditions,com.choonchernlim.betterPreconditions.core,Matcher,0,3,0,0,0,1,0,1,0,1
Better Preconditions,com.choonchernlim.betterPreconditions.core,Assertion,0,51,0,6,0,12,0,5,0,2
